[{"line":2,"elements":[{"line":3,"name":"","description":"","type":"background","keyword":"Background","steps":[]},{"start_timestamp":"2023-09-03T06:44:29.690Z","before":[{"result":{"error_message":"org.openqa.selenium.remote.NoSuchDriverException: Unable to obtain: Capabilities {browserName: chrome, goog:chromeOptions: {args: [--remote-allow-origins=*], extensions: []}}, error Command failed with code: 65, executed: [C:\\Users\\ayama\\AppData\\Local\\Temp\\selenium-manager57661293600012623906225080028038\\selenium-manager.exe, --browser, chrome, --output, json]\nerror sending request for url (https://googlechromelabs.github.io/chrome-for-testing/known-good-versions-with-downloads.json): error trying to connect: dns error: No such host is known. (os error 11001)\nBuild info: version: '4.11.0', revision: '040bc5406b'\nSystem info: os.name: 'Windows 10', os.arch: 'amd64', os.version: '10.0', java.version: '20.0.1'\nDriver info: driver.version: ChromeDriver\r\n\tat org.openqa.selenium.remote.service.DriverFinder.getPath(DriverFinder.java:25)\r\n\tat org.openqa.selenium.remote.service.DriverFinder.getPath(DriverFinder.java:13)\r\n\tat org.openqa.selenium.chrome.ChromeDriver.generateExecutor(ChromeDriver.java:99)\r\n\tat org.openqa.selenium.chrome.ChromeDriver.<init>(ChromeDriver.java:88)\r\n\tat org.openqa.selenium.chrome.ChromeDriver.<init>(ChromeDriver.java:83)\r\n\tat org.openqa.selenium.chrome.ChromeDriver.<init>(ChromeDriver.java:51)\r\n\tat orag.exmple.stepDef.Hooks.openBrowser(Hooks.java:17)\r\nCaused by: org.openqa.selenium.WebDriverException: Command failed with code: 65, executed: [C:\\Users\\ayama\\AppData\\Local\\Temp\\selenium-manager57661293600012623906225080028038\\selenium-manager.exe, --browser, chrome, --output, json]\nerror sending request for url (https://googlechromelabs.github.io/chrome-for-testing/known-good-versions-with-downloads.json): error trying to connect: dns error: No such host is known. (os error 11001)\nBuild info: version: '4.11.0', revision: '040bc5406b'\nSystem info: os.name: 'Windows 10', os.arch: 'amd64', os.version: '10.0', java.version: '20.0.1'\nDriver info: driver.version: ChromeDriver\r\n\tat org.openqa.selenium.manager.SeleniumManager.runCommand(SeleniumManager.java:151)\r\n\tat org.openqa.selenium.manager.SeleniumManager.getDriverPath(SeleniumManager.java:273)\r\n\tat org.openqa.selenium.remote.service.DriverFinder.getPath(DriverFinder.java:22)\r\n\tat org.openqa.selenium.remote.service.DriverFinder.getPath(DriverFinder.java:13)\r\n\tat org.openqa.selenium.chrome.ChromeDriver.generateExecutor(ChromeDriver.java:99)\r\n\tat org.openqa.selenium.chrome.ChromeDriver.<init>(ChromeDriver.java:88)\r\n\tat org.openqa.selenium.chrome.ChromeDriver.<init>(ChromeDriver.java:83)\r\n\tat org.openqa.selenium.chrome.ChromeDriver.<init>(ChromeDriver.java:51)\r\n\tat orag.exmple.stepDef.Hooks.openBrowser(Hooks.java:17)\r\n\tat java.base/jdk.internal.reflect.DirectMethodHandleAccessor.invoke(DirectMethodHandleAccessor.java:104)\r\n\tat java.base/java.lang.reflect.Method.invoke(Method.java:578)\r\n\tat io.cucumber.java.Invoker.doInvoke(Invoker.java:66)\r\n\tat io.cucumber.java.Invoker.invoke(Invoker.java:24)\r\n\tat io.cucumber.java.AbstractGlueDefinition.invokeMethod(AbstractGlueDefinition.java:47)\r\n\tat io.cucumber.java.JavaHookDefinition.execute(JavaHookDefinition.java:64)\r\n\tat io.cucumber.core.runner.CoreHookDefinition.execute(CoreHookDefinition.java:46)\r\n\tat io.cucumber.core.runner.HookDefinitionMatch.runStep(HookDefinitionMatch.java:21)\r\n\tat io.cucumber.core.runner.ExecutionMode$1.execute(ExecutionMode.java:10)\r\n\tat io.cucumber.core.runner.TestStep.executeStep(TestStep.java:84)\r\n\tat io.cucumber.core.runner.TestStep.run(TestStep.java:56)\r\n\tat io.cucumber.core.runner.TestCase.run(TestCase.java:78)\r\n\tat io.cucumber.core.runner.Runner.runPickle(Runner.java:75)\r\n\tat io.cucumber.testng.TestNGCucumberRunner.lambda$runScenario$1(TestNGCucumberRunner.java:132)\r\n\tat io.cucumber.core.runtime.CucumberExecutionContext.lambda$runTestCase$5(CucumberExecutionContext.java:137)\r\n\tat io.cucumber.core.runtime.RethrowingThrowableCollector.executeAndThrow(RethrowingThrowableCollector.java:23)\r\n\tat io.cucumber.core.runtime.CucumberExecutionContext.runTestCase(CucumberExecutionContext.java:137)\r\n\tat io.cucumber.testng.TestNGCucumberRunner.runScenario(TestNGCucumberRunner.java:129)\r\n\tat io.cucumber.testng.AbstractTestNGCucumberTests.runScenario(AbstractTestNGCucumberTests.java:35)\r\n\tat java.base/jdk.internal.reflect.DirectMethodHandleAccessor.invoke(DirectMethodHandleAccessor.java:104)\r\n\tat java.base/java.lang.reflect.Method.invoke(Method.java:578)\r\n\tat org.testng.internal.invokers.MethodInvocationHelper.invokeMethod(MethodInvocationHelper.java:139)\r\n\tat org.testng.internal.invokers.TestInvoker.invokeMethod(TestInvoker.java:664)\r\n\tat org.testng.internal.invokers.TestInvoker.invokeTestMethod(TestInvoker.java:227)\r\n\tat org.testng.internal.invokers.MethodRunner.runInSequence(MethodRunner.java:50)\r\n\tat org.testng.internal.invokers.TestInvoker$MethodInvocationAgent.invoke(TestInvoker.java:957)\r\n\tat org.testng.internal.invokers.TestInvoker.invokeTestMethods(TestInvoker.java:200)\r\n\tat org.testng.internal.invokers.TestMethodWorker.invokeTestMethods(TestMethodWorker.java:148)\r\n\tat org.testng.internal.invokers.TestMethodWorker.run(TestMethodWorker.java:128)\r\n\tat java.base/java.util.ArrayList.forEach(ArrayList.java:1511)\r\n\tat org.testng.TestRunner.privateRun(TestRunner.java:848)\r\n\tat org.testng.TestRunner.run(TestRunner.java:621)\r\n\tat org.testng.SuiteRunner.runTest(SuiteRunner.java:443)\r\n\tat org.testng.SuiteRunner.runSequentially(SuiteRunner.java:437)\r\n\tat org.testng.SuiteRunner.privateRun(SuiteRunner.java:397)\r\n\tat org.testng.SuiteRunner.run(SuiteRunner.java:336)\r\n\tat org.testng.SuiteRunnerWorker.runSuite(SuiteRunnerWorker.java:52)\r\n\tat org.testng.SuiteRunnerWorker.run(SuiteRunnerWorker.java:95)\r\n\tat org.testng.TestNG.runSuitesSequentially(TestNG.java:1280)\r\n\tat org.testng.TestNG.runSuitesLocally(TestNG.java:1200)\r\n\tat org.testng.TestNG.runSuites(TestNG.java:1114)\r\n\tat org.testng.TestNG.run(TestNG.java:1082)\r\n\tat com.intellij.rt.testng.IDEARemoteTestNG.run(IDEARemoteTestNG.java:66)\r\n\tat com.intellij.rt.testng.RemoteTestNGStarter.main(RemoteTestNGStarter.java:109)\r\n","duration":937544200,"status":"failed"},"match":{"location":"orag.exmple.stepDef.Hooks.openBrowser()"}}],"line":4,"name":"users could register with new accounts","description":"","id":"this-feature-will-allow-users-to-users-could-register-with-new-accounts;users-could-register-with-new-accounts","after":[{"result":{"error_message":"java.lang.NullPointerException: Cannot invoke \"org.openqa.selenium.WebDriver.quit()\" because \"orag.exmple.stepDef.Hooks.driver\" is null\r\n\tat orag.exmple.stepDef.Hooks.quitBrowser(Hooks.java:25)\r\n","duration":3010522200,"status":"failed"},"match":{"location":"orag.exmple.stepDef.Hooks.quitBrowser()"}}],"type":"scenario","keyword":"Scenario","steps":[{"result":{"duration":999200,"status":"skipped"},"line":6,"name":"user go to register page","match":{},"keyword":"Given "},{"result":{"status":"skipped"},"line":7,"name":"user select register button","match":{"location":"orag.exmple.stepDef.S1_register.userSelectRegisterButton()"},"keyword":"And "},{"result":{"duration":998400,"status":"skipped"},"line":8,"name":"user select gender type","match":{"location":"orag.exmple.stepDef.S1_register.userSelectGenderType()"},"keyword":"And "},{"result":{"status":"skipped"},"line":9,"name":": user enter first name \"automation\" and last name \"tester\"","match":{"arguments":[{"val":"\"automation\"","offset":24},{"val":"\"tester\"","offset":51}],"location":"orag.exmple.stepDef.S1_register.userEnterFirstNameAndLastName()"},"keyword":"And "},{"result":{"duration":996600,"status":"skipped"},"line":10,"name":"user enter date of birth","match":{"location":"orag.exmple.stepDef.S1_register.userEnterDateOfBirth()"},"keyword":"And "},{"result":{"status":"skipped"},"line":11,"name":"user enter email \"test@example.com\" field","match":{"arguments":[{"val":"\"test@example.com\"","offset":17}],"location":"orag.exmple.stepDef.S1_register.userEnterEmailField(java.lang.String)"},"keyword":"And "},{"result":{"status":"skipped"},"line":12,"name":"user fills Password fields \"P@ssw0rd\" \"P@ssw0rd\"","match":{"arguments":[{"val":"\"P@ssw0rd\"","offset":27},{"val":"\"P@ssw0rd\"","offset":38}],"location":"orag.exmple.stepDef.S1_register.userFillsPasswordFields()"},"keyword":"And "},{"result":{"duration":996900,"status":"skipped"},"line":13,"name":"Check the news letter","match":{"location":"orag.exmple.stepDef.S1_register.checkTheNewsLetter()"},"keyword":"And "},{"result":{"status":"skipped"},"line":14,"name":"user clicks on register button","match":{"location":"orag.exmple.stepDef.S1_register.userClicksOnRegisterButton()"},"keyword":"And "},{"result":{"duration":998300,"status":"skipped"},"line":15,"name":"success message is displayed","match":{"location":"orag.exmple.stepDef.S1_register.successMessageIsDisplayed()"},"keyword":"Then "}],"tags":[{"name":"@Registration"}]}],"name":"this feature will allow users to users could register with new accounts","description":"","id":"this-feature-will-allow-users-to-users-could-register-with-new-accounts","keyword":"Feature","uri":"file:src/main/resources/Features/F01_Register%20.feature","tags":[{"name":"@Registration","type":"Tag","location":{"line":1,"column":1}}]}]